#
# A fatal error has been detected by the Java Runtime Environment:
#
#  EXCEPTION_ACCESS_VIOLATION (0xc0000005) at pc=0x0000000058f24a44, pid=6348, tid=0x000000000000234c
#
# JRE version: Java(TM) SE Runtime Environment (8.0_211-b12) (build 1.8.0_211-b12)
# Java VM: Java HotSpot(TM) 64-Bit Server VM (25.211-b12 mixed mode windows-amd64 compressed oops)
# Problematic frame:
# V  [jvm.dll+0x484a44]
#
# Failed to write core dump. Minidumps are not enabled by default on client versions of Windows
#
# If you would like to submit a bug report, please visit:
#   http://bugreport.java.com/bugreport/crash.jsp
#

---------------  T H R E A D  ---------------

Current thread (0x000000001472f800):  JavaThread "C2 CompilerThread0" daemon [_thread_in_native, id=9036, stack(0x0000000015d80000,0x0000000015e80000)]

siginfo: ExceptionCode=0xc0000005, reading address 0x0000000000000010

Registers:
RAX=0x0000000000000000, RBX=0x0000000000000098, RCX=0x0000000029b698e8, RDX=0x000000001a7c0f10
RSP=0x0000000015e7ba90, RBP=0x000000001d0f1f10, RSI=0x0000000000000000, RDI=0x0000000000000013
R8 =0x000000001d0f1ec0, R9 =0x000000001d0b6050, R10=0x000000001d0f1f60, R11=0x000000001d0f1f10
R12=0x000000001d0b6050, R13=0x000000002ad0ef80, R14=0x000000001a7c22d0, R15=0x0000000000000018
RIP=0x0000000058f24a44, EFLAGS=0x0000000000010206

Top of Stack: (sp=0x0000000015e7ba90)
0x0000000015e7ba90:   0000000000000008 0000000000000000
0x0000000015e7baa0:   0000000000000001 000000002ad0ef80
0x0000000015e7bab0:   0000000000000bfb 000000002a508df0
0x0000000015e7bac0:   00000000004ebd38 000000002a5160f0
0x0000000015e7bad0:   000000002ad0ef80 000000002a5160f0
0x0000000015e7bae0:   00000000146f78e0 000000005911eec8
0x0000000015e7baf0:   00000000146f78e0 0000000000000200
0x0000000015e7bb00:   0000000021092790 0000000000000001
0x0000000015e7bb10:   0000000000000001 00000000146f78e0
0x0000000015e7bb20:   000000000000000e 0000000029c0e000
0x0000000015e7bb30:   00000000146f78e0 0000000015e7bff0
0x0000000015e7bb40:   0000000000000000 0000000015e7bc60
0x0000000015e7bb50:   0000000015e7c010 0000000058f691eb
0x0000000015e7bb60:   0000000015e7bff0 0000000000000e78
0x0000000015e7bb70:   000000001d0b6050 000000001d0f1f10
0x0000000015e7bb80:   0000000029c0e050 0000000029c15fe8 

Instructions: (pc=0x0000000058f24a44)
0x0000000058f24a24:   00 48 8b de 0f 1f 84 00 00 00 00 00 49 8b 46 08
0x0000000058f24a34:   48 8b 0c 03 48 85 c9 0f 84 8a 00 00 00 48 8b 01
0x0000000058f24a44:   ff 50 10 84 c0 0f 84 7c 00 00 00 49 8b 46 08 48
0x0000000058f24a54:   8b 0c 03 8b 41 28 41 8b 4c 85 00 83 f9 ff 74 67 


Register to memory mapping:

RAX=0x0000000000000000 is an unknown value
RBX=0x0000000000000098 is an unknown value
RCX=0x0000000029b698e8 is an unknown value
RDX=0x000000001a7c0f10 is an unknown value
RSP=0x0000000015e7ba90 is pointing into the stack for thread: 0x000000001472f800
RBP=0x000000001d0f1f10 is an unknown value
RSI=0x0000000000000000 is an unknown value
RDI=0x0000000000000013 is an unknown value
R8 =0x000000001d0f1ec0 is an unknown value
R9 =0x000000001d0b6050 is an unknown value
R10=0x000000001d0f1f60 is an unknown value
R11=0x000000001d0f1f10 is an unknown value
R12=0x000000001d0b6050 is an unknown value
R13=0x000000002ad0ef80 is an unknown value
R14=0x000000001a7c22d0 is an unknown value
R15=0x0000000000000018 is an unknown value


Stack: [0x0000000015d80000,0x0000000015e80000],  sp=0x0000000015e7ba90,  free space=1006k
Native frames: (J=compiled Java code, j=interpreted, Vv=VM code, C=native code)
V  [jvm.dll+0x484a44]
V  [jvm.dll+0x4c91eb]
V  [jvm.dll+0x4793d9]
V  [jvm.dll+0x47a6b3]
V  [jvm.dll+0x45cfa2]
V  [jvm.dll+0xa6b22]
V  [jvm.dll+0xa746f]
V  [jvm.dll+0x2466ff]
V  [jvm.dll+0x29fc6a]
C  [msvcr100.dll+0x21d9f]
C  [msvcr100.dll+0x21e3b]
C  [KERNEL32.DLL+0x17974]
C  [ntdll.dll+0x6a271]


Current CompileTask:
C2:4077451 52472 %     4       com.android.tools.r8.ir.conversion.IRBuilder::a @ 1834 (2002 bytes)


---------------  P R O C E S S  ---------------

Java Threads: ( => current thread )
  0x000000001a26f800 JavaThread "ForkJoinPool-21-worker-1" daemon [_thread_blocked, id=7272, stack(0x0000000048270000,0x0000000048370000)]
  0x000000001a926800 JavaThread "WorkerExecutor Queue Thread 5" [_thread_blocked, id=2500, stack(0x0000000047870000,0x0000000047970000)]
  0x00000000279ee800 JavaThread "Cache worker for Java compile cache (D:\explore\react-native\fintech\android\.gradle\5.5\javaCompile)" [_thread_blocked, id=3044, stack(0x0000000047770000,0x0000000047870000)]
  0x00000000279e4000 JavaThread "stdout" [_thread_in_native, id=3488, stack(0x0000000047670000,0x0000000047770000)]
  0x00000000279ea000 JavaThread "stderr" [_thread_in_native, id=2084, stack(0x0000000047570000,0x0000000047670000)]
  0x00000000279e9800 JavaThread "stdout" [_thread_in_native, id=12304, stack(0x0000000047470000,0x0000000047570000)]
  0x00000000279e8800 JavaThread "stderr" [_thread_in_native, id=12896, stack(0x0000000047370000,0x0000000047470000)]
  0x000000001a277800 JavaThread "stdout" [_thread_in_native, id=11372, stack(0x0000000047270000,0x0000000047370000)]
  0x000000001a276000 JavaThread "stderr" [_thread_in_native, id=11228, stack(0x0000000047170000,0x0000000047270000)]
  0x000000001a275800 JavaThread "stdout" [_thread_in_native, id=5748, stack(0x0000000047070000,0x0000000047170000)]
  0x000000001a277000 JavaThread "stderr" [_thread_in_native, id=5324, stack(0x0000000046f70000,0x0000000047070000)]
  0x000000001a26b800 JavaThread "pool-32-thread-1" [_thread_blocked, id=8804, stack(0x0000000046e70000,0x0000000046f70000)]
  0x000000001a269800 JavaThread "WorkerExecutor Queue Thread 4" [_thread_blocked, id=3192, stack(0x0000000046a70000,0x0000000046b70000)]
  0x0000000019fb3000 JavaThread "WorkerExecutor Queue Thread 3" [_thread_blocked, id=11964, stack(0x0000000046970000,0x0000000046a70000)]
  0x0000000019fb0000 JavaThread "WorkerExecutor Queue" [_thread_blocked, id=4344, stack(0x0000000046770000,0x0000000046870000)]
  0x0000000019faf000 JavaThread "Cache worker for execution history cache (D:\explore\react-native\fintech\android\.gradle\5.5\executionHistory)" [_thread_blocked, id=10352, stack(0x0000000046670000,0x0000000046770000)]
  0x0000000019fa7800 JavaThread "Execution worker for ':' Thread 3" [_thread_blocked, id=4360, stack(0x0000000046570000,0x0000000046670000)]
  0x0000000019fae800 JavaThread "Execution worker for ':' Thread 2" [_thread_blocked, id=9540, stack(0x0000000046470000,0x0000000046570000)]
  0x0000000019fad800 JavaThread "Execution worker for ':'" [_thread_in_Java, id=9692, stack(0x0000000046370000,0x0000000046470000)]
  0x0000000019fa6000 JavaThread "Cache worker for file content cache (D:\explore\react-native\fintech\android\.gradle\5.5\fileContent)" [_thread_blocked, id=804, stack(0x0000000046270000,0x0000000046370000)]
  0x0000000019fab800 JavaThread "Cache worker for Build Output Cleanup Cache (D:\explore\react-native\fintech\android\.gradle\buildOutputCleanup)" [_thread_blocked, id=8328, stack(0x0000000046170000,0x0000000046270000)]
  0x0000000019fa4000 JavaThread "Build operations Thread 4" [_thread_blocked, id=6476, stack(0x0000000046070000,0x0000000046170000)]
  0x000000001adea800 JavaThread "Build operations Thread 3" [_thread_blocked, id=6472, stack(0x0000000045f70000,0x0000000046070000)]
  0x000000001adec000 JavaThread "Build operations Thread 2" [_thread_blocked, id=9608, stack(0x0000000045e70000,0x0000000045f70000)]
  0x000000001adea000 JavaThread "Build operations" [_thread_blocked, id=9928, stack(0x0000000045d70000,0x0000000045e70000)]
  0x000000001adee800 JavaThread "Cache worker for cache directory md-rule (C:\Users\SMARTEYE\.gradle\caches\5.5\md-rule)" [_thread_blocked, id=8888, stack(0x0000000045c70000,0x0000000045d70000)]
  0x000000001adeb800 JavaThread "Cache worker for cache directory md-supplier (C:\Users\SMARTEYE\.gradle\caches\5.5\md-supplier)" [_thread_blocked, id=11712, stack(0x0000000045b70000,0x0000000045c70000)]
  0x000000001aded800 JavaThread "Cache worker for file hash cache (D:\explore\react-native\fintech\android\.gradle\5.5\fileHashes)" [_thread_blocked, id=11920, stack(0x0000000045a70000,0x0000000045b70000)]
  0x000000001ade9000 JavaThread "Thread-327" [_thread_blocked, id=10132, stack(0x0000000045970000,0x0000000045a70000)]
  0x000000001ade8800 JavaThread "Stdin handler" [_thread_blocked, id=10096, stack(0x0000000045870000,0x0000000045970000)]
  0x000000001ade0800 JavaThread "Asynchronous log dispatcher for DefaultDaemonConnection: socket connection from /127.0.0.1:64540 to /127.0.0.1:51186" [_thread_blocked, id=8608, stack(0x0000000045770000,0x0000000045870000)]
  0x000000001ade7800 JavaThread "Cancel handler" [_thread_blocked, id=2844, stack(0x0000000045670000,0x0000000045770000)]
  0x000000001ade4800 JavaThread "Handler for socket connection from /127.0.0.1:64540 to /127.0.0.1:51186" [_thread_in_native, id=13008, stack(0x0000000045570000,0x0000000045670000)]
  0x0000000019fa8800 JavaThread "Daemon worker Thread 8" [_thread_blocked, id=12868, stack(0x0000000043c70000,0x0000000043d70000)]
  0x0000000019fa9000 JavaThread "Daemon Thread 8" [_thread_blocked, id=10220, stack(0x0000000043970000,0x0000000043a70000)]
  0x00000000279e4800 JavaThread "AWT-Windows" daemon [_thread_in_native, id=8172, stack(0x000000003c770000,0x000000003c870000)]
  0x00000000279e0000 JavaThread "Java2D Disposer" daemon [_thread_blocked, id=11652, stack(0x000000003c570000,0x000000003c670000)]
  0x00000000279e5800 JavaThread "Device List Monitor" [_thread_in_native, id=6640, stack(0x000000003c270000,0x000000003c370000)]
  0x00000000279e3000 JavaThread "Monitor" [_thread_in_native, id=11988, stack(0x000000003be70000,0x000000003bf70000)]
  0x000000001a928800 JavaThread "Cache worker for Java compile cache (C:\Users\SMARTEYE\.gradle\caches\5.5\javaCompile)" [_thread_blocked, id=6468, stack(0x0000000023a40000,0x0000000023b40000)]
  0x000000001a274800 JavaThread "Cache worker for file content cache (C:\Users\SMARTEYE\.gradle\caches\5.5\fileContent)" [_thread_blocked, id=9488, stack(0x0000000021e40000,0x0000000021f40000)]
  0x000000001a26d000 JavaThread "Memory manager" [_thread_blocked, id=12120, stack(0x0000000021b40000,0x0000000021c40000)]
  0x000000001a26e800 JavaThread "Cache worker for execution history cache (C:\Users\SMARTEYE\.gradle\caches\5.5\executionHistory)" [_thread_blocked, id=9188, stack(0x000000001ea00000,0x000000001eb00000)]
  0x0000000017a75000 JavaThread "Cache worker for journal cache (C:\Users\SMARTEYE\.gradle\caches\journal-1)" [_thread_blocked, id=6452, stack(0x00000000192d0000,0x00000000193d0000)]
  0x0000000017a7b800 JavaThread "File lock request listener" [_thread_in_native, id=2104, stack(0x00000000191d0000,0x00000000192d0000)]
  0x0000000017a7b000 JavaThread "Cache worker for file hash cache (C:\Users\SMARTEYE\.gradle\caches\5.5\fileHashes)" [_thread_blocked, id=9556, stack(0x00000000190d0000,0x00000000191d0000)]
  0x000000001623d800 JavaThread "Daemon periodic checks" [_thread_blocked, id=9936, stack(0x00000000186d0000,0x00000000187d0000)]
  0x000000001623c800 JavaThread "Incoming local TCP Connector on port 64540" [_thread_in_native, id=13196, stack(0x0000000018490000,0x0000000018590000)]
  0x0000000016090800 JavaThread "Daemon health stats" [_thread_blocked, id=7396, stack(0x0000000017e50000,0x0000000017f50000)]
  0x000000001478d800 JavaThread "Service Thread" daemon [_thread_blocked, id=7684, stack(0x0000000016480000,0x0000000016580000)]
  0x000000001473e000 JavaThread "C1 CompilerThread2" daemon [_thread_blocked, id=6560, stack(0x0000000015f80000,0x0000000016080000)]
  0x0000000014737000 JavaThread "C2 CompilerThread1" daemon [_thread_in_native, id=10920, stack(0x0000000015e80000,0x0000000015f80000)]
=>0x000000001472f800 JavaThread "C2 CompilerThread0" daemon [_thread_in_native, id=9036, stack(0x0000000015d80000,0x0000000015e80000)]
  0x000000001472d800 JavaThread "Attach Listener" daemon [_thread_blocked, id=9524, stack(0x0000000015c80000,0x0000000015d80000)]
  0x000000001472a000 JavaThread "Signal Dispatcher" daemon [_thread_blocked, id=8388, stack(0x0000000015b80000,0x0000000015c80000)]
  0x00000000033ba800 JavaThread "Finalizer" daemon [_thread_blocked, id=10968, stack(0x0000000015980000,0x0000000015a80000)]
  0x000000001471a000 JavaThread "Reference Handler" daemon [_thread_blocked, id=10444, stack(0x0000000015880000,0x0000000015980000)]
  0x00000000032be000 JavaThread "main" [_thread_blocked, id=2240, stack(0x0000000003170000,0x0000000003270000)]

Other Threads:
  0x00000000146f8000 VMThread [stack: 0x0000000015780000,0x0000000015880000] [id=13152]
  0x00000000160cd000 WatcherThread [stack: 0x0000000016580000,0x0000000016680000] [id=1028]

VM state:not at safepoint (normal execution)

VM Mutex/Monitor currently owned by a thread: None

heap address: 0x00000000e0000000, size: 512 MB, Compressed Oops mode: 32-bit
Narrow klass base: 0x0000000000000000, Narrow klass shift: 3
Compressed class space size: 1073741824 Address: 0x0000000100000000

Heap:
 PSYoungGen      total 157696K, used 60290K [0x00000000f5580000, 0x0000000100000000, 0x0000000100000000)
  eden space 142336K, 31% used [0x00000000f5580000,0x00000000f8162338,0x00000000fe080000)
  from space 15360K, 99% used [0x00000000fe080000,0x00000000fef7e738,0x00000000fef80000)
  to   space 16896K, 0% used [0x00000000fef80000,0x00000000fef80000,0x0000000100000000)
 ParOldGen       total 349696K, used 299489K [0x00000000e0000000, 0x00000000f5580000, 0x00000000f5580000)
  object space 349696K, 85% used [0x00000000e0000000,0x00000000f2478750,0x00000000f5580000)
 Metaspace       used 216933K, capacity 226889K, committed 227020K, reserved 1247232K
  class space    used 27150K, capacity 29027K, committed 29132K, reserved 1048576K

Card table byte_map: [0x0000000012780000,0x0000000012890000] byte_map_base: 0x0000000012080000

Marking Bits: (ParMarkBitMap*) 0x00000000592c5ce0
 Begin Bits: [0x0000000012c90000, 0x0000000013490000)
 End Bits:   [0x0000000013490000, 0x0000000013c90000)

Polling page: 0x0000000001a60000

CodeCache: size=245760Kb used=145922Kb max_used=145922Kb free=99837Kb
 bounds [0x00000000033c0000, 0x000000000c320000, 0x00000000123c0000]
 total_blobs=38626 nmethods=37623 adapters=910
 compilation: enabled

Compilation events (10 events):
Event: 4077.399 Thread 0x000000001473e000 52872       2       com.android.tools.r8.s.j::a (307 bytes)
Event: 4077.402 Thread 0x000000001473e000 nmethod 52872 0x000000000c304410 code [0x000000000c3046a0, 0x000000000c3052c8]
Event: 4077.402 Thread 0x000000001473e000 52873       1       com.android.tools.r8.s.c::b (5 bytes)
Event: 4077.402 Thread 0x000000001473e000 nmethod 52873 0x000000000c305e90 code [0x000000000c305fe0, 0x000000000c3060f0]
Event: 4077.402 Thread 0x000000001473e000 52874       1       com.android.tools.r8.s.c::a (5 bytes)
Event: 4077.402 Thread 0x000000001473e000 nmethod 52874 0x000000000c306150 code [0x000000000c3062a0, 0x000000000c3063b0]
Event: 4077.404 Thread 0x000000001473e000 52875 %     3       com.android.tools.r8.s.j::a @ 9 (307 bytes)
Event: 4077.407 Thread 0x000000001473e000 nmethod 52875% 0x000000000c306410 code [0x000000000c306840, 0x000000000c3091e8]
Event: 4077.407 Thread 0x000000001473e000 52876       2       com.android.tools.r8.s.c::a (61 bytes)
Event: 4077.408 Thread 0x000000001473e000 nmethod 52876 0x000000000c30a8d0 code [0x000000000c30aa20, 0x000000000c30abf0]

GC Heap History (10 events):
Event: 4072.459 GC heap before
{Heap before GC invocations=471 (full 20):
 PSYoungGen      total 153600K, used 144534K [0x00000000f5580000, 0x00000000ffd80000, 0x0000000100000000)
  eden space 138240K, 100% used [0x00000000f5580000,0x00000000fdc80000,0x00000000fdc80000)
  from space 15360K, 40% used [0x00000000fee80000,0x00000000ff4a5bc0,0x00000000ffd80000)
  to   space 16896K, 0% used [0x00000000fdc80000,0x00000000fdc80000,0x00000000fed00000)
 ParOldGen       total 349696K, used 287677K [0x00000000e0000000, 0x00000000f5580000, 0x00000000f5580000)
  object space 349696K, 82% used [0x00000000e0000000,0x00000000f18ef568,0x00000000f5580000)
 Metaspace       used 216027K, capacity 225719K, committed 226252K, reserved 1247232K
  class space    used 27046K, capacity 28890K, committed 29132K, reserved 1048576K
Event: 4072.481 GC heap after
Heap after GC invocations=471 (full 20):
 PSYoungGen      total 155136K, used 6742K [0x00000000f5580000, 0x0000000100000000, 0x0000000100000000)
  eden space 138240K, 0% used [0x00000000f5580000,0x00000000f5580000,0x00000000fdc80000)
  from space 16896K, 39% used [0x00000000fdc80000,0x00000000fe315bc0,0x00000000fed00000)
  to   space 16384K, 0% used [0x00000000ff000000,0x00000000ff000000,0x0000000100000000)
 ParOldGen       total 349696K, used 288157K [0x00000000e0000000, 0x00000000f5580000, 0x00000000f5580000)
  object space 349696K, 82% used [0x00000000e0000000,0x00000000f1967568,0x00000000f5580000)
 Metaspace       used 216027K, capacity 225719K, committed 226252K, reserved 1247232K
  class space    used 27046K, capacity 28890K, committed 29132K, reserved 1048576K
}
Event: 4073.089 GC heap before
{Heap before GC invocations=472 (full 20):
 PSYoungGen      total 155136K, used 144982K [0x00000000f5580000, 0x0000000100000000, 0x0000000100000000)
  eden space 138240K, 100% used [0x00000000f5580000,0x00000000fdc80000,0x00000000fdc80000)
  from space 16896K, 39% used [0x00000000fdc80000,0x00000000fe315bc0,0x00000000fed00000)
  to   space 16384K, 0% used [0x00000000ff000000,0x00000000ff000000,0x0000000100000000)
 ParOldGen       total 349696K, used 288157K [0x00000000e0000000, 0x00000000f5580000, 0x00000000f5580000)
  object space 349696K, 82% used [0x00000000e0000000,0x00000000f1967568,0x00000000f5580000)
 Metaspace       used 216028K, capacity 225719K, committed 226252K, reserved 1247232K
  class space    used 27046K, capacity 28890K, committed 29132K, reserved 1048576K
Event: 4073.118 GC heap after
Heap after GC invocations=472 (full 20):
 PSYoungGen      total 157184K, used 6838K [0x00000000f5580000, 0x00000000fff80000, 0x0000000100000000)
  eden space 141312K, 0% used [0x00000000f5580000,0x00000000f5580000,0x00000000fdf80000)
  from space 15872K, 43% used [0x00000000ff000000,0x00000000ff6adbc0,0x00000000fff80000)
  to   space 16384K, 0% used [0x00000000fdf80000,0x00000000fdf80000,0x00000000fef80000)
 ParOldGen       total 349696K, used 288677K [0x00000000e0000000, 0x00000000f5580000, 0x00000000f5580000)
  object space 349696K, 82% used [0x00000000e0000000,0x00000000f19e9568,0x00000000f5580000)
 Metaspace       used 216028K, capacity 225719K, committed 226252K, reserved 1247232K
  class space    used 27046K, capacity 28890K, committed 29132K, reserved 1048576K
}
Event: 4073.705 GC heap before
{Heap before GC invocations=473 (full 20):
 PSYoungGen      total 157184K, used 148150K [0x00000000f5580000, 0x00000000fff80000, 0x0000000100000000)
  eden space 141312K, 100% used [0x00000000f5580000,0x00000000fdf80000,0x00000000fdf80000)
  from space 15872K, 43% used [0x00000000ff000000,0x00000000ff6adbc0,0x00000000fff80000)
  to   space 16384K, 0% used [0x00000000fdf80000,0x00000000fdf80000,0x00000000fef80000)
 ParOldGen       total 349696K, used 288677K [0x00000000e0000000, 0x00000000f5580000, 0x00000000f5580000)
  object space 349696K, 82% used [0x00000000e0000000,0x00000000f19e9568,0x00000000f5580000)
 Metaspace       used 216029K, capacity 225719K, committed 226252K, reserved 1247232K
  class space    used 27046K, capacity 28890K, committed 29132K, reserved 1048576K
Event: 4073.732 GC heap after
Heap after GC invocations=473 (full 20):
 PSYoungGen      total 157696K, used 6966K [0x00000000f5580000, 0x00000000fff80000, 0x0000000100000000)
  eden space 141312K, 0% used [0x00000000f5580000,0x00000000f5580000,0x00000000fdf80000)
  from space 16384K, 42% used [0x00000000fdf80000,0x00000000fe64dbc0,0x00000000fef80000)
  to   space 15872K, 0% used [0x00000000ff000000,0x00000000ff000000,0x00000000fff80000)
 ParOldGen       total 349696K, used 289213K [0x00000000e0000000, 0x00000000f5580000, 0x00000000f5580000)
  object space 349696K, 82% used [0x00000000e0000000,0x00000000f1a6f568,0x00000000f5580000)
 Metaspace       used 216029K, capacity 225719K, committed 226252K, reserved 1247232K
  class space    used 27046K, capacity 28890K, committed 29132K, reserved 1048576K
}
Event: 4074.290 GC heap before
{Heap before GC invocations=474 (full 20):
 PSYoungGen      total 157696K, used 148278K [0x00000000f5580000, 0x00000000fff80000, 0x0000000100000000)
  eden space 141312K, 100% used [0x00000000f5580000,0x00000000fdf80000,0x00000000fdf80000)
  from space 16384K, 42% used [0x00000000fdf80000,0x00000000fe64dbc0,0x00000000fef80000)
  to   space 15872K, 0% used [0x00000000ff000000,0x00000000ff000000,0x00000000fff80000)
 ParOldGen       total 349696K, used 289213K [0x00000000e0000000, 0x00000000f5580000, 0x00000000f5580000)
  object space 349696K, 82% used [0x00000000e0000000,0x00000000f1a6f568,0x00000000f5580000)
 Metaspace       used 216105K, capacity 225801K, committed 226252K, reserved 1247232K
  class space    used 27059K, capacity 28899K, committed 29132K, reserved 1048576K
Event: 4074.317 GC heap after
Heap after GC invocations=474 (full 20):
 PSYoungGen      total 157184K, used 7302K [0x00000000f5580000, 0x00000000ffe80000, 0x0000000100000000)
  eden space 142336K, 0% used [0x00000000f5580000,0x00000000f5580000,0x00000000fe080000)
  from space 14848K, 49% used [0x00000000ff000000,0x00000000ff721bd0,0x00000000ffe80000)
  to   space 15360K, 0% used [0x00000000fe080000,0x00000000fe080000,0x00000000fef80000)
 ParOldGen       total 349696K, used 289685K [0x00000000e0000000, 0x00000000f5580000, 0x00000000f5580000)
  object space 349696K, 82% used [0x00000000e0000000,0x00000000f1ae5568,0x00000000f5580000)
 Metaspace       used 216105K, capacity 225801K, committed 226252K, reserved 1247232K
  class space    used 27059K, capacity 28899K, committed 29132K, reserved 1048576K
}
Event: 4077.059 GC heap before
{Heap before GC invocations=475 (full 20):
 PSYoungGen      total 157184K, used 149602K [0x00000000f5580000, 0x00000000ffe80000, 0x0000000100000000)
  eden space 142336K, 99% used [0x00000000f5580000,0x00000000fe076e48,0x00000000fe080000)
  from space 14848K, 49% used [0x00000000ff000000,0x00000000ff721bd0,0x00000000ffe80000)
  to   space 15360K, 0% used [0x00000000fe080000,0x00000000fe080000,0x00000000fef80000)
 ParOldGen       total 349696K, used 289685K [0x00000000e0000000, 0x00000000f5580000, 0x00000000f5580000)
  object space 349696K, 82% used [0x00000000e0000000,0x00000000f1ae5568,0x00000000f5580000)
 Metaspace       used 216636K, capacity 226509K, committed 226764K, reserved 1247232K
  class space    used 27114K, capacity 28979K, committed 29132K, reserved 1048576K
Event: 4077.100 GC heap after
Heap after GC invocations=475 (full 20):
 PSYoungGen      total 157696K, used 15353K [0x00000000f5580000, 0x0000000100000000, 0x0000000100000000)
  eden space 142336K, 0% used [0x00000000f5580000,0x00000000f5580000,0x00000000fe080000)
  from space 15360K, 99% used [0x00000000fe080000,0x00000000fef7e738,0x00000000fef80000)
  to   space 16896K, 0% used [0x00000000fef80000,0x00000000fef80000,0x0000000100000000)
 ParOldGen       total 349696K, used 299489K [0x00000000e0000000, 0x00000000f5580000, 0x00000000f5580000)
  object space 349696K, 85% used [0x00000000e0000000,0x00000000f2478750,0x00000000f5580000)
 Metaspace       used 216636K, capacity 226509K, committed 226764K, reserved 1247232K
  class space    used 27114K, capacity 28979K, committed 29132K, reserved 1048576K
}

Deoptimization events (10 events):
Event: 4075.280 Thread 0x0000000019fad800 Uncommon trap: reason=class_check action=maybe_recompile pc=0x000000000c280c70 method=com.android.tools.r8.ir.conversion.IRBuilder.a(Lcom/android/tools/r8/graph/DexEncodedMethod;)Lcom/android/tools/r8/ir/code/IRCode; @ 275
Event: 4075.286 Thread 0x0000000019fad800 Uncommon trap: reason=unstable_if action=reinterpret pc=0x000000000bab8248 method=com.android.tools.r8.ir.code.BasicBlock.a(ILcom/android/tools/r8/ir/code/BasicBlock$c;)Lcom/android/tools/r8/ir/code/Value; @ 8
Event: 4075.321 Thread 0x0000000019fad800 Uncommon trap: reason=unstable_if action=reinterpret pc=0x000000000b6640f8 method=com.android.tools.r8.ir.code.Phi.a(Lcom/android/tools/r8/ir/conversion/IRBuilder;)V @ 121
Event: 4075.367 Thread 0x0000000019fad800 Uncommon trap: reason=class_check action=maybe_recompile pc=0x000000000b9f51b4 method=com.android.tools.r8.ir.conversion.IRBuilder.a(Lcom/android/tools/r8/graph/DexEncodedMethod;)Lcom/android/tools/r8/ir/code/IRCode; @ 275
Event: 4076.551 Thread 0x0000000019fad800 Uncommon trap: reason=class_check action=maybe_recompile pc=0x000000000bc4f014 method=com.android.tools.r8.m.a.a.b.K0.d()Ljava/lang/Object; @ 4
Event: 4076.551 Thread 0x0000000019fad800 Uncommon trap: reason=class_check action=maybe_recompile pc=0x000000000bc4f014 method=com.android.tools.r8.m.a.a.b.K0.d()Ljava/lang/Object; @ 4
Event: 4076.551 Thread 0x0000000019fad800 Uncommon trap: reason=class_check action=maybe_recompile pc=0x000000000bc4f014 method=com.android.tools.r8.m.a.a.b.K0.d()Ljava/lang/Object; @ 4
Event: 4076.551 Thread 0x0000000019fad800 Uncommon trap: reason=class_check action=maybe_recompile pc=0x000000000bc4f014 method=com.android.tools.r8.m.a.a.b.K0.d()Ljava/lang/Object; @ 4
Event: 4077.112 Thread 0x0000000019fad800 Uncommon trap: reason=unstable_if action=reinterpret pc=0x000000000b7dcde4 method=com.android.tools.r8.graph.O.b(Lcom/android/tools/r8/graph/DexClass;)Z @ 9
Event: 4077.153 Thread 0x0000000019fad800 Uncommon trap: reason=unstable_if action=reinterpret pc=0x000000000c2e920c method=com.android.tools.r8.m.a.a.b.c.hasNext()Z @ 32

Classes redefined (0 events):
No events

Internal exceptions (10 events):
Event: 4034.199 Thread 0x0000000019fad800 Exception <a 'sun/nio/fs/WindowsException'> (0x00000000f74094f0) thrown at [C:\re\workspace\8-2-build-windows-amd64-cygwin\jdk8u211\12973\hotspot\src\share\vm\prims\jni.cpp, line 710]
Event: 4034.578 Thread 0x0000000019fad800 Exception <a 'java/lang/NoSuchMethodError': java.lang.Object.lambda$static$0(Ljava/lang/String;)Z> (0x00000000f7d1cc08) thrown at [C:\re\workspace\8-2-build-windows-amd64-cygwin\jdk8u211\12973\hotspot\src\share\vm\interpreter\linkResolver.cpp, line 620]
Event: 4035.679 Thread 0x0000000019fad800 Exception <a 'java/lang/IncompatibleClassChangeError': Found class java.lang.Object, but interface was expected> (0x00000000f8c60a10) thrown at [C:\re\workspace\8-2-build-windows-amd64-cygwin\jdk8u211\12973\hotspot\src\share\vm\interpreter\linkResolver.cp
Event: 4037.772 Thread 0x0000000019fad800 Implicit null exception at 0x000000000b5b3688 to 0x000000000b5bc41d
Event: 4050.243 Thread 0x0000000019fad800 Exception <a 'java/lang/NoSuchMethodError': java.lang.Object.a(Lcom/android/tools/r8/graph/M;Lcom/android/tools/r8/graph/M;)I> (0x00000000f6d32980) thrown at [C:\re\workspace\8-2-build-windows-amd64-cygwin\jdk8u211\12973\hotspot\src\share\vm\interpreter\l
Event: 4050.852 Thread 0x0000000019fad800 Implicit null exception at 0x0000000006956ec3 to 0x0000000006957a45
Event: 4053.114 Thread 0x000000001a26f800 Implicit null exception at 0x000000000baafe37 to 0x000000000bab00a9
Event: 4059.156 Thread 0x000000001a26f800 Implicit null exception at 0x000000000b9e181c to 0x000000000b9e5e35
Event: 4074.086 Thread 0x000000001a271000 Implicit null exception at 0x000000000bf57652 to 0x000000000bf596a1
Event: 4075.067 Thread 0x0000000019fad800 Implicit null exception at 0x000000000b99efd9 to 0x000000000b9a0a3d

Events (10 events):
Event: 4077.398 loading class com/android/tools/r8/graph/DexEncodedMethod
Event: 4077.398 loading class com/android/tools/r8/graph/DexEncodedMethod done
Event: 4077.398 loading class com/android/tools/r8/graph/DexEncodedMethod
Event: 4077.398 loading class com/android/tools/r8/graph/DexEncodedMethod done
Event: 4077.398 loading class com/android/tools/r8/graph/DexEncodedMethod
Event: 4077.398 loading class com/android/tools/r8/graph/DexEncodedMethod done
Event: 4077.407 loading class com/android/tools/r8/dex/Marker
Event: 4077.407 loading class com/android/tools/r8/dex/Marker done
Event: 4077.408 loading class com/android/tools/r8/dex/Marker$Tool
Event: 4077.408 loading class com/android/tools/r8/dex/Marker$Tool done


Dynamic libraries:
0x00007ff7185e0000 - 0x00007ff718617000 	C:\Program Files\Java\jdk1.8.0_211\bin\java.exe
0x00007ffa68d90000 - 0x00007ffa68f7d000 	C:\Windows\SYSTEM32\ntdll.dll
0x00007ffa682d0000 - 0x00007ffa68383000 	C:\Windows\System32\KERNEL32.DLL
0x00007ffa65580000 - 0x00007ffa65813000 	C:\Windows\System32\KERNELBASE.dll
0x00007ffa68740000 - 0x00007ffa687e3000 	C:\Windows\System32\ADVAPI32.dll
0x00007ffa66120000 - 0x00007ffa661be000 	C:\Windows\System32\msvcrt.dll
0x00007ffa687f0000 - 0x00007ffa6888e000 	C:\Windows\System32\sechost.dll
0x00007ffa661c0000 - 0x00007ffa662e2000 	C:\Windows\System32\RPCRT4.dll
0x00007ffa689e0000 - 0x00007ffa68b77000 	C:\Windows\System32\USER32.dll
0x00007ffa65820000 - 0x00007ffa65840000 	C:\Windows\System32\win32u.dll
0x00007ffa685b0000 - 0x00007ffa685d9000 	C:\Windows\System32\GDI32.dll
0x00007ffa65290000 - 0x00007ffa65429000 	C:\Windows\System32\gdi32full.dll
0x00007ffa651c0000 - 0x00007ffa65260000 	C:\Windows\System32\msvcp_win.dll
0x00007ffa65480000 - 0x00007ffa6557a000 	C:\Windows\System32\ucrtbase.dll
0x00007ffa554d0000 - 0x00007ffa55749000 	C:\Windows\WinSxS\amd64_microsoft.windows.common-controls_6595b64144ccf1df_6.0.17763.802_none_05b1445c0722d2cc\COMCTL32.dll
0x00007ffa66620000 - 0x00007ffa6694c000 	C:\Windows\System32\combase.dll
0x00007ffa65140000 - 0x00007ffa651be000 	C:\Windows\System32\bcryptPrimitives.dll
0x00007ffa662f0000 - 0x00007ffa6631e000 	C:\Windows\System32\IMM32.DLL
0x0000000059d00000 - 0x0000000059dd2000 	C:\Program Files\Java\jdk1.8.0_211\jre\bin\msvcr100.dll
0x0000000058aa0000 - 0x0000000059345000 	C:\Program Files\Java\jdk1.8.0_211\jre\bin\server\jvm.dll
0x00007ffa66610000 - 0x00007ffa66618000 	C:\Windows\System32\PSAPI.DLL
0x00007ffa589b0000 - 0x00007ffa589b9000 	C:\Windows\SYSTEM32\WSOCK32.dll
0x00007ffa686d0000 - 0x00007ffa6873d000 	C:\Windows\System32\WS2_32.dll
0x00007ffa57d20000 - 0x00007ffa57d2a000 	C:\Windows\SYSTEM32\VERSION.dll
0x00007ffa62520000 - 0x00007ffa62544000 	C:\Windows\SYSTEM32\WINMM.dll
0x00007ffa624f0000 - 0x00007ffa6251d000 	C:\Windows\SYSTEM32\WINMMBASE.dll
0x00007ffa65430000 - 0x00007ffa6547a000 	C:\Windows\System32\cfgmgr32.dll
0x00007ffa647d0000 - 0x00007ffa647df000 	C:\Program Files\Java\jdk1.8.0_211\jre\bin\verify.dll
0x00007ffa5a5e0000 - 0x00007ffa5a609000 	C:\Program Files\Java\jdk1.8.0_211\jre\bin\java.dll
0x00007ffa5a5c0000 - 0x00007ffa5a5d6000 	C:\Program Files\Java\jdk1.8.0_211\jre\bin\zip.dll
0x00007ffa66dd0000 - 0x00007ffa682c4000 	C:\Windows\System32\SHELL32.dll
0x00007ffa68cb0000 - 0x00007ffa68d58000 	C:\Windows\System32\shcore.dll
0x00007ffa65840000 - 0x00007ffa65f8d000 	C:\Windows\System32\windows.storage.dll
0x00007ffa64d80000 - 0x00007ffa64da4000 	C:\Windows\System32\profapi.dll
0x00007ffa64dd0000 - 0x00007ffa64e2d000 	C:\Windows\System32\powrprof.dll
0x00007ffa684f0000 - 0x00007ffa68542000 	C:\Windows\System32\shlwapi.dll
0x00007ffa64e30000 - 0x00007ffa64e41000 	C:\Windows\System32\kernel.appcore.dll
0x00007ffa65f90000 - 0x00007ffa65fa7000 	C:\Windows\System32\cryptsp.dll
0x00007ffa57490000 - 0x00007ffa574aa000 	C:\Program Files\Java\jdk1.8.0_211\jre\bin\net.dll
0x00007ffa5a7d0000 - 0x00007ffa5a9a7000 	C:\Windows\SYSTEM32\urlmon.dll
0x00007ffa58e40000 - 0x00007ffa590e8000 	C:\Windows\SYSTEM32\iertutil.dll
0x00007ffa64380000 - 0x00007ffa6438c000 	C:\Windows\SYSTEM32\CRYPTBASE.DLL
0x00007ffa641b0000 - 0x00007ffa64217000 	C:\Windows\system32\mswsock.dll
0x00007ffa57470000 - 0x00007ffa57482000 	C:\Program Files\Java\jdk1.8.0_211\jre\bin\nio.dll
0x00007ffa57440000 - 0x00007ffa57466000 	C:\Users\SMARTEYE\.gradle\native\29\windows-amd64\native-platform.dll
0x00007ffa5a5b0000 - 0x00007ffa5a5bd000 	C:\Program Files\Java\jdk1.8.0_211\jre\bin\management.dll
0x00007ffa63d30000 - 0x00007ffa63d63000 	C:\Windows\system32\rsaenh.dll
0x00007ffa65260000 - 0x00007ffa65286000 	C:\Windows\System32\bcrypt.dll
0x00007ffa64cb0000 - 0x00007ffa64cd8000 	C:\Windows\SYSTEM32\USERENV.dll
0x00007ffa63ed0000 - 0x00007ffa63f0d000 	C:\Windows\SYSTEM32\IPHLPAPI.DLL
0x00007ffa68640000 - 0x00007ffa68648000 	C:\Windows\System32\NSI.dll
0x00007ffa5d7e0000 - 0x00007ffa5d7f6000 	C:\Windows\SYSTEM32\dhcpcsvc6.DLL
0x00007ffa5e240000 - 0x00007ffa5e25c000 	C:\Windows\SYSTEM32\dhcpcsvc.DLL
0x00007ffa63f10000 - 0x00007ffa63fd6000 	C:\Windows\SYSTEM32\DNSAPI.dll
0x00007ffa64820000 - 0x00007ffa64851000 	C:\Windows\SYSTEM32\ntmarta.dll
0x00007ffa3ca30000 - 0x00007ffa3cbc9000 	C:\Program Files\Java\jdk1.8.0_211\jre\bin\awt.dll
0x00007ffa68910000 - 0x00007ffa689d4000 	C:\Windows\System32\OLEAUT32.dll
0x00007ffa62650000 - 0x00007ffa626dc000 	C:\Windows\SYSTEM32\apphelp.dll
0x00007ffa62890000 - 0x00007ffa6292c000 	C:\Windows\system32\uxtheme.dll
0x00007ffa65fb0000 - 0x00007ffa6611b000 	C:\Windows\System32\MSCTF.dll
0x00007ffa3a4a0000 - 0x00007ffa3b1b7000 	C:\Windows\SYSTEM32\ig8icd64.dll
0x00007ffa5b8b0000 - 0x00007ffa5c2f0000 	C:\Windows\SYSTEM32\igdusc64.dll
0x00007ffa537b0000 - 0x00007ffa538d7000 	C:\Windows\SYSTEM32\OPENGL32.dll
0x00007ffa60e00000 - 0x00007ffa60e13000 	C:\Windows\SYSTEM32\WTSAPI32.dll
0x00007ffa62b70000 - 0x00007ffa62b9e000 	C:\Windows\SYSTEM32\dwmapi.dll
0x00007ffa575d0000 - 0x00007ffa575fc000 	C:\Windows\SYSTEM32\GLU32.dll
0x00007ffa64f60000 - 0x00007ffa6513b000 	C:\Windows\System32\CRYPT32.dll
0x00007ffa64db0000 - 0x00007ffa64dc2000 	C:\Windows\System32\MSASN1.dll
0x00007ffa68390000 - 0x00007ffa684e5000 	C:\Windows\System32\ole32.dll
0x00007ffa64860000 - 0x00007ffa64a4d000 	C:\Windows\SYSTEM32\dbghelp.dll

VM Arguments:
jvm_args: -XX:MaxMetaspaceSize=256m -XX:+HeapDumpOnOutOfMemoryError -Xms256m -Xmx512m -Dfile.encoding=windows-1252 -Duser.country=ID -Duser.language=en -Duser.variant 
java_command: org.gradle.launcher.daemon.bootstrap.GradleDaemon 5.5
java_class_path (initial): C:\Users\SMARTEYE\.gradle\wrapper\dists\gradle-5.5-all\byeise1led9a3w3p149d02kfj\gradle-5.5\lib\gradle-launcher-5.5.jar
Launcher Type: SUN_STANDARD

Environment Variables:
JAVA_HOME=C:\Program Files\Java\jdk1.8.0_211
CLASSPATH=D:/explore/react-native/fintech/android/gradle/wrapper/gradle-wrapper.jar
PATH=C:\Program Files\Git\mingw64\bin;C:\Program Files\Git\usr\bin;C:\Users\SMARTEYE\bin;C:\Windows\system32;C:\Windows;C:\Windows\System32\Wbem;C:\Windows\System32\WindowsPowerShell\v1.0;C:\Windows\System32\OpenSSH;C:\Program Files\Git\cmd;C:\ProgramData\chocolatey\bin;C:\Program Files\nodejs;C:\Program Files\Java\jdk1.8.0_211\bin;C:\Users\SMARTEYE\AppData\Local\Microsoft\WindowsApps;C:\Program Files\Microsoft VS Code\bin;C:\Users\SMARTEYE\AppData\Roaming\npm;C:\wamp64\bin\php.#.#.#;D:\XAMPP\php
USERNAME=SMARTEYE
OS=Windows_NT
PROCESSOR_IDENTIFIER=Intel64 Family 6 Model 61 Stepping 4, GenuineIntel



---------------  S Y S T E M  ---------------

OS: Windows 10.0 , 64 bit Build 17763 (10.0.17763.475)

CPU:total 4 (initial active 4) (2 cores per cpu, 2 threads per core) family 6 model 61 stepping 4, cmov, cx8, fxsr, mmx, sse, sse2, sse3, ssse3, sse4.1, sse4.2, popcnt, avx, avx2, aes, clmul, erms, 3dnowpref, lzcnt, ht, tsc, tscinvbit, bmi1, bmi2, adx

Memory: 4k page, physical 8271240k(1991948k free), swap 12273084k(3422764k free)

vm_info: Java HotSpot(TM) 64-Bit Server VM (25.211-b12) for windows-amd64 JRE (1.8.0_211-b12), built on Apr  1 2019 20:53:26 by "java_re" with MS VC++ 10.0 (VS2010)

time: Thu Oct 31 02:01:10 2019
timezone: SE Asia Standard Time
elapsed time: 4077 seconds (0d 1h 7m 57s)

